2024-01-05 17:43:00,895 INFO:Client 381cfc21-c03c-4ebd-bd04-02f45b104b09: Put key: a, value: 1, result: True
2024-01-05 17:43:03,434 INFO:Client 381cfc21-c03c-4ebd-bd04-02f45b104b09: Get key: a, returned value: 1
2024-01-05 17:43:13,255 INFO:Client 381cfc21-c03c-4ebd-bd04-02f45b104b09: Put key: qaz, value: 12, result: True
2024-01-05 17:43:16,875 INFO:Client 381cfc21-c03c-4ebd-bd04-02f45b104b09: Get key: qaz, returned value: 12
2024-01-05 17:43:20,039 INFO:Client 381cfc21-c03c-4ebd-bd04-02f45b104b09: Get all data
2024-01-05 17:43:58,260 INFO:Client ad554834-553d-43f6-ab37-26f1d08d770b: Put key: qwert, value: 999, result: True
2024-01-05 17:44:00,123 INFO:Client ad554834-553d-43f6-ab37-26f1d08d770b: Get all data
2024-01-05 17:45:25,597 INFO:Client ad554834-553d-43f6-ab37-26f1d08d770b: Delete all data, result: True
2024-01-05 17:45:31,624 INFO:Client ad554834-553d-43f6-ab37-26f1d08d770b: Get all data
2024-01-05 17:45:41,685 INFO:Client 381cfc21-c03c-4ebd-bd04-02f45b104b09: Get all data
2024-01-05 18:05:10,545 INFO:Client cccfc5d3-a3e8-42f0-bf2e-65b6f4042635: Get all data
2024-01-05 18:05:15,081 INFO:Client cccfc5d3-a3e8-42f0-bf2e-65b6f4042635: Put key: a, value: 123, result: True
2024-01-05 18:05:25,980 INFO:Client cccfc5d3-a3e8-42f0-bf2e-65b6f4042635: Put key: 89, value: qaz, result: True
2024-01-05 18:05:28,992 INFO:Client cccfc5d3-a3e8-42f0-bf2e-65b6f4042635: Get all data
2024-01-05 18:05:35,700 INFO:Client 14772e81-54b1-4202-9ddc-392edfecf471: Get all data
2024-01-05 18:05:47,345 INFO:Client 14772e81-54b1-4202-9ddc-392edfecf471: Delete all data, result: True
2024-01-05 18:05:49,858 INFO:Client 14772e81-54b1-4202-9ddc-392edfecf471: Get all data
2024-01-05 18:05:53,576 INFO:Client cccfc5d3-a3e8-42f0-bf2e-65b6f4042635: Get all data
2024-01-05 18:07:39,666 INFO:Client 39a9a0fd-35a0-40f7-82c7-56c5711b340f: Put key: a, value: 1, result: True
2024-01-05 18:07:42,607 INFO:Client 39a9a0fd-35a0-40f7-82c7-56c5711b340f: Get all data
2024-01-05 18:07:45,127 INFO:Client 39a9a0fd-35a0-40f7-82c7-56c5711b340f: Delete all data, result: True
2024-01-05 18:23:03,012 INFO:Client 88cea397-ffc1-40fc-8536-de7ce4b14295: Put key: a, value: 1, result: True
2024-01-05 18:23:05,202 INFO:Client 88cea397-ffc1-40fc-8536-de7ce4b14295: Get all data
2024-01-05 18:23:19,024 INFO:Client 7c15c516-6e87-4810-9843-d7f74ad2dc60: Get all data
2024-01-05 18:23:23,825 INFO:Client 7c15c516-6e87-4810-9843-d7f74ad2dc60: Delete all data, result: True
2024-01-05 18:23:25,831 INFO:Client 7c15c516-6e87-4810-9843-d7f74ad2dc60: Get all data
2024-01-05 18:30:42,725 INFO:Client yza: Put key: a, value: 1, result: True
2024-01-05 18:30:44,463 INFO:Client yza: Get all data
2024-01-05 18:30:48,278 INFO:Client yza: Delete all data, result: True
2024-01-05 18:30:51,660 INFO:Client yza: Get all data
2024-01-05 18:38:44,177 INFO:Client yza: Put key: a, value: 1, result: True
2024-01-05 18:40:06,462 INFO:Client yza: Get all data
2024-01-05 18:43:09,266 INFO:Client yza: Get all data
2024-01-05 18:43:11,964 INFO:Client yza: Delete key: a, result: True
2024-01-05 18:43:15,009 INFO:Client yza: Get all data
2024-01-05 18:47:16,185 INFO:Client yza: Put key: q, value: 7, result: True
2024-01-05 18:49:41,012 INFO:Client yza: Get all data
2024-01-05 19:04:01,796 INFO:Client yza: Put key: b, value: 1, result: True
2024-01-09 18:49:57,975 INFO:Client yza: Get all data
2024-01-09 18:50:01,235 INFO:Client yza: Delete all data, result: True
2024-01-09 18:50:09,548 INFO:Client yza: Put key: a, value: 1, result: True
2024-01-09 18:50:17,978 INFO:Client yza: Put key: qaz, value: 101, result: True
2024-01-09 18:50:27,597 INFO:Client yza: Put key: 12345, value: qwert, result: True
2024-01-09 18:50:33,514 INFO:Client yza: Get all data
2024-01-09 18:57:08,867 INFO:Client yza: Get key: 12345, returned value: qwert
2024-01-09 18:57:13,864 INFO:Client yza: Get key: qaz, returned value: 101
2024-01-09 18:59:48,682 INFO:Client lmz: Get key: a, returned value: 1
2024-01-09 18:59:51,683 INFO:Client lmz: Get key: all, returned value: None
2024-01-09 19:00:24,799 INFO:Client lmz: Get all data
2024-01-09 19:00:42,853 INFO:Client xyr: Get key: 12345, returned value: qwert
2024-01-09 19:00:46,240 INFO:Client xyr: Get all data
2024-01-09 19:08:30,211 INFO:Client yza: Delete key: a, result: True
2024-01-09 19:08:33,965 INFO:Client yza: Get all data
2024-01-09 19:08:39,783 INFO:Client yza: Delete all data, result: True
2024-01-09 19:08:42,378 INFO:Client yza: Get all data
